<?xml version="1.0" encoding="UTF-8"?>
<!-- Generated by org.testng.reporters.JUnitReportReporter -->
<testsuite hostname="Lokesh" failures="0" tests="1" name="git.PRACTEST" time="0.111" errors="0" timestamp="13 Jul 2023 14:53:01 GMT" skipped="0">
  <testcase classname="git.PRACTEST" name="m2Test" time="0.111"/>
</testsuite> <!-- git.PRACTEST -->
